2019-06-03 10:18:36 +0000  Initial pipeline context: <IDEDistributionProcessingPipelineContext: 0x7fc990511f70; archive(resolved)='<IDEArchive: 0x7fc98d67f620>', distributionTask(resolved)='2', distributionDestination(resolved)='1', distributionMethod(resolved)='<IDEDistributionMethodAdHoc: 0x7fc98b05bfd0>', team(resolved)='<IDEProvisioningDisambiguatableBasicTeam: 0x7fc98b79bc60; teamID='K56LX5Q456', teamName='boon, Inc.', teamType='Company', username='logicslancer@gmail.com', isFreeProvisioningTeam='0'>'>
	Chain (12, self inclusive):
	<IDEDistributionProcessingPipelineContext: 0x7fc990511f70; archive = '<IDEArchive: 0x7fc98d67f620>', distributionMethod='<IDEDistributionMethodAdHoc: 0x7fc98b05bfd0>', team='<IDEProvisioningDisambiguatableBasicTeam: 0x7fc98b79bc60; teamID='K56LX5Q456', teamName='boon, Inc.', teamType='Company', username='logicslancer@gmail.com', isFreeProvisioningTeam='0'>'>
	<IDEDistributionProcessingPipelineContext: 0x7fc99034a060; archive = '<IDEArchive: 0x7fc98d67f620>', distributionMethod='<IDEDistributionMethodAdHoc: 0x7fc98b05bfd0>', team='<IDEProvisioningDisambiguatableBasicTeam: 0x7fc98b79bc60; teamID='K56LX5Q456', teamName='boon, Inc.', teamType='Company', username='logicslancer@gmail.com', isFreeProvisioningTeam='0'>'>
	<IDEDistributionContext: 0x7fc98c052ca0; archive = '<IDEArchive: 0x7fc98d67f620>', distributionMethod='<IDEDistributionMethodAdHoc: 0x7fc98b05bfd0>', team='<IDEProvisioningDisambiguatableBasicTeam: 0x7fc98b79bc60; teamID='K56LX5Q456', teamName='boon, Inc.', teamType='Company', username='logicslancer@gmail.com', isFreeProvisioningTeam='0'>'>
	<IDEDistributionContext: 0x7fc98e058aa0; archive = '<IDEArchive: 0x7fc98d67f620>', distributionMethod='<IDEDistributionMethodAdHoc: 0x7fc98b05bfd0>', team='<IDEProvisioningDisambiguatableBasicTeam: 0x7fc98b79bc60; teamID='K56LX5Q456', teamName='boon, Inc.', teamType='Company', username='logicslancer@gmail.com', isFreeProvisioningTeam='0'>'>
	<IDEDistributionContext: 0x7fc98f4762b0; archive = '<IDEArchive: 0x7fc98d67f620>', distributionMethod='<IDEDistributionMethodAdHoc: 0x7fc98b05bfd0>', team='<IDEProvisioningDisambiguatableBasicTeam: 0x7fc98b79bc60; teamID='K56LX5Q456', teamName='boon, Inc.', teamType='Company', username='logicslancer@gmail.com', isFreeProvisioningTeam='0'>'>
	<IDEDistributionContext: 0x7fc99020eb00; archive = '<IDEArchive: 0x7fc98d67f620>', distributionMethod='<IDEDistributionMethodAdHoc: 0x7fc98b05bfd0>', team='<IDEProvisioningDisambiguatableBasicTeam: 0x7fc98b79bc60; teamID='K56LX5Q456', teamName='boon, Inc.', teamType='Company', username='logicslancer@gmail.com', isFreeProvisioningTeam='0'>'>
	<IDEDistributionContext: 0x7fc98f4bdfe0; archive = '<IDEArchive: 0x7fc98d67f620>', distributionMethod='<IDEDistributionMethodAdHoc: 0x7fc98b05bfd0>', team='<IDEProvisioningDisambiguatableBasicTeam: 0x7fc98b79bc60; teamID='K56LX5Q456', teamName='boon, Inc.', teamType='Company', username='logicslancer@gmail.com', isFreeProvisioningTeam='0'>'>
	<IDEDistributionContext: 0x7fc98d5cb8b0; archive = '<IDEArchive: 0x7fc98d67f620>', distributionMethod='<IDEDistributionMethodAdHoc: 0x7fc98b05bfd0>', team='<IDEProvisioningDisambiguatableBasicTeam: 0x7fc98b79bc60; teamID='K56LX5Q456', teamName='boon, Inc.', teamType='Company', username='logicslancer@gmail.com', isFreeProvisioningTeam='0'>'>
	<IDEDistributionContext: 0x7fc9903e3f40; archive = '<IDEArchive: 0x7fc98d67f620>', distributionMethod='<IDEDistributionMethodAdHoc: 0x7fc98b05bfd0>', team='<IDEProvisioningDisambiguatableBasicTeam: 0x7fc98b79bc60; teamID='K56LX5Q456', teamName='boon, Inc.', teamType='Company', username='logicslancer@gmail.com', isFreeProvisioningTeam='0'>'>
	<IDEDistributionContext: 0x7fc9903f0760; archive = '<IDEArchive: 0x7fc98d67f620>', distributionMethod='<IDEDistributionMethodAdHoc: 0x7fc98b05bfd0>', team='(null)'>
	<IDEDistributionContext: 0x7fc98e3c1650; archive = '<IDEArchive: 0x7fc98d67f620>', distributionMethod='<IDEDistributionMethodAdHoc: 0x7fc98b05bfd0>', team='(null)'>
	<IDEDistributionContext: 0x7fc98f4aca30; archive = '<IDEArchive: 0x7fc98d67f620>', distributionMethod='(null)', team='(null)'>
</IDEDistributionProcessingPipelineContext: 0x7fc990511f70>
2019-06-03 10:18:36 +0000  Processing step: IDEDistributionCreateDestRootStep
2019-06-03 10:18:36 +0000  Processing step: IDEDistributionCopyItemStep
2019-06-03 10:18:36 +0000  Running /usr/bin/ditto '-V' '/Users/admin/Library/Developer/Xcode/Archives/2019-06-03/Boon 6-3-19, 1.18 PM.xcarchive/Products/Applications/Boon.app' '/var/folders/s4/8jmns35x4k79j9qghrh8bqb80000gp/T/XcodeDistPipeline.~~~T10YzI/Root/Payload/Boon.app'
2019-06-03 10:18:36 +0000  >>> Copying /Users/admin/Library/Developer/Xcode/Archives/2019-06-03/Boon 6-3-19, 1.18 PM.xcarchive/Products/Applications/Boon.app 
2019-06-03 10:18:36 +0000  copying file ./_CodeSignature/CodeResources ... 
2019-06-03 10:18:36 +0000  19481 bytes for ./_CodeSignature/CodeResources
2019-06-03 10:18:36 +0000  copying file ./LaunchImage@2x.png ... 
2019-06-03 10:18:36 +0000  13987 bytes for ./LaunchImage@2x.png
2019-06-03 10:18:36 +0000  copying file ./AppIcon20x20@2x.png ... 
2019-06-03 10:18:36 +0000  1306 bytes for ./AppIcon20x20@2x.png
2019-06-03 10:18:36 +0000  copying file ./MainViewController.nib ... 
2019-06-03 10:18:36 +0000  943 bytes for ./MainViewController.nib
2019-06-03 10:18:36 +0000  copying file ./AppIcon57x57.png ... 
2019-06-03 10:18:36 +0000  1598 bytes for ./AppIcon57x57.png
2019-06-03 10:18:36 +0000  copying file ./AppIcon20x20@3x.png ... 
2019-06-03 10:18:36 +0000  1933 bytes for ./AppIcon20x20@3x.png
2019-06-03 10:18:36 +0000  copying file ./Boon ... 
2019-06-03 10:18:36 +0000  986992 bytes for ./Boon
copying file ./AppIcon29x29.png ... 
2019-06-03 10:18:36 +0000  995 bytes for ./AppIcon29x29.png
copying file ./LaunchImage-568h@2x.png ... 
15423 bytes for ./LaunchImage-568h@2x.png
copying file ./AppIcon60x60@2x.png ... 
2019-06-03 10:18:36 +0000  3733 bytes for ./AppIcon60x60@2x.png
2019-06-03 10:18:36 +0000  copying file ./AppIcon72x72@2x~ipad.png ... 
2019-06-03 10:18:36 +0000  2853 bytes for ./AppIcon72x72@2x~ipad.png
2019-06-03 10:18:36 +0000  copying file ./AppIcon29x29@2x.png ... 
2019-06-03 10:18:36 +0000  1932 bytes for ./AppIcon29x29@2x.png
2019-06-03 10:18:36 +0000  copying file ./LaunchImage-800-667h@2x.png ... 
2019-06-03 10:18:36 +0000  18388 bytes for ./LaunchImage-800-667h@2x.png
2019-06-03 10:18:36 +0000  copying file ./LaunchImage-Portrait@2x~ipad.png ... 
2019-06-03 10:18:36 +0000  37213 bytes for ./LaunchImage-Portrait@2x~ipad.png
2019-06-03 10:18:36 +0000  copying file ./AppIcon40x40@3x.png ... 
2019-06-03 10:18:36 +0000  3733 bytes for ./AppIcon40x40@3x.png
2019-06-03 10:18:36 +0000  copying file ./AppIcon57x57@2x.png ... 
2019-06-03 10:18:36 +0000  2438 bytes for ./AppIcon57x57@2x.png
copying file ./AppIcon29x29~ipad.png ... 
2019-06-03 10:18:36 +0000  995 bytes for ./AppIcon29x29~ipad.png
2019-06-03 10:18:36 +0000  copying file ./AppIcon40x40@2x.png ... 
2019-06-03 10:18:36 +0000  2632 bytes for ./AppIcon40x40@2x.png
2019-06-03 10:18:36 +0000  copying file ./LaunchImage-Portrait~ipad.png ... 
2019-06-03 10:18:36 +0000  15578 bytes for ./LaunchImage-Portrait~ipad.png
2019-06-03 10:18:36 +0000  copying file ./AppIcon29x29@3x.png ... 
2019-06-03 10:18:36 +0000  9082 bytes for ./AppIcon29x29@3x.png
2019-06-03 10:18:36 +0000  copying file ./AppIcon60x60@3x.png ... 
2019-06-03 10:18:36 +0000  5382 bytes for ./AppIcon60x60@3x.png
2019-06-03 10:18:36 +0000  copying file ./config.xml ... 
2019-06-03 10:18:36 +0000  2635 bytes for ./config.xml
2019-06-03 10:18:36 +0000  copying file ./www/index.html ... 
2019-06-03 10:18:36 +0000  2513 bytes for ./www/index.html
2019-06-03 10:18:36 +0000  copying file ./www/cordova.js ... 
2019-06-03 10:18:36 +0000  78123 bytes for ./www/cordova.js
2019-06-03 10:18:36 +0000  copying file ./www/css/index.css ... 
2019-06-03 10:18:36 +0000  3719 bytes for ./www/css/index.css
2019-06-03 10:18:36 +0000  copying file ./www/plugins/onesignal-cordova-plugin/www/OneSignal.js ... 
2019-06-03 10:18:36 +0000  11503 bytes for ./www/plugins/onesignal-cordova-plugin/www/OneSignal.js
2019-06-03 10:18:36 +0000  copying file ./www/js/index.js ... 
2019-06-03 10:18:36 +0000  2128 bytes for ./www/js/index.js
2019-06-03 10:18:36 +0000  copying file ./www/img/logo.png ... 
2019-06-03 10:18:36 +0000  21814 bytes for ./www/img/logo.png
2019-06-03 10:18:36 +0000  copying file ./www/cordova-js-src/exec.js ... 
2019-06-03 10:18:36 +0000  8877 bytes for ./www/cordova-js-src/exec.js
2019-06-03 10:18:36 +0000  copying file ./www/cordova-js-src/plugin/ios/logger.js ... 
2019-06-03 10:18:36 +0000  10233 bytes for ./www/cordova-js-src/plugin/ios/logger.js
2019-06-03 10:18:36 +0000  copying file ./www/cordova-js-src/plugin/ios/console.js ... 
2019-06-03 10:18:36 +0000  6822 bytes for ./www/cordova-js-src/plugin/ios/console.js
2019-06-03 10:18:36 +0000  copying file ./www/cordova-js-src/platform.js ... 
2019-06-03 10:18:36 +0000  1168 bytes for ./www/cordova-js-src/platform.js
2019-06-03 10:18:36 +0000  copying file ./www/manifest.json ... 
2019-06-03 10:18:36 +0000  394 bytes for ./www/manifest.json
2019-06-03 10:18:36 +0000  copying file ./www/cordova_plugins.js ... 
2019-06-03 10:18:36 +0000  457 bytes for ./www/cordova_plugins.js
2019-06-03 10:18:36 +0000  copying file ./LaunchImage-Landscape~ipad.png ... 
2019-06-03 10:18:36 +0000  13306 bytes for ./LaunchImage-Landscape~ipad.png
2019-06-03 10:18:36 +0000  copying file ./LaunchImage-700-Portrait~ipad.png ... 
2019-06-03 10:18:36 +0000  15578 bytes for ./LaunchImage-700-Portrait~ipad.png
copying file ./Assets.car ... 
2019-06-03 10:18:36 +0000  115400 bytes for ./Assets.car
2019-06-03 10:18:36 +0000  copying file ./AppIcon40x40@2x~ipad.png ... 
2019-06-03 10:18:36 +0000  2632 bytes for ./AppIcon40x40@2x~ipad.png
copying file ./AppIcon76x76@2x~ipad.png ... 
2019-06-03 10:18:36 +0000  4677 bytes for ./AppIcon76x76@2x~ipad.png
2019-06-03 10:18:36 +0000  copying file ./LaunchImage-800-Portrait-736h@3x.png ... 
2019-06-03 10:18:36 +0000  34864 bytes for ./LaunchImage-800-Portrait-736h@3x.png
2019-06-03 10:18:36 +0000  copying file ./AppIcon72x72~ipad.png ... 
2019-06-03 10:18:36 +0000  1906 bytes for ./AppIcon72x72~ipad.png
2019-06-03 10:18:36 +0000  copying file ./CDVLaunchScreen.storyboardc/01J-lp-oVM-view-Ze5-6b-2t3.nib ... 
2019-06-03 10:18:36 +0000  2285 bytes for ./CDVLaunchScreen.storyboardc/01J-lp-oVM-view-Ze5-6b-2t3.nib
2019-06-03 10:18:36 +0000  copying file ./CDVLaunchScreen.storyboardc/UIViewController-01J-lp-oVM.nib ... 
2019-06-03 10:18:36 +0000  832 bytes for ./CDVLaunchScreen.storyboardc/UIViewController-01J-lp-oVM.nib
2019-06-03 10:18:36 +0000  copying file ./CDVLaunchScreen.storyboardc/Info.plist ... 
2019-06-03 10:18:36 +0000  258 bytes for ./CDVLaunchScreen.storyboardc/Info.plist
2019-06-03 10:18:36 +0000  copying file ./LaunchImage-700@2x.png ... 
2019-06-03 10:18:36 +0000  13987 bytes for ./LaunchImage-700@2x.png
2019-06-03 10:18:36 +0000  copying file ./AppIcon83.5x83.5@2x~ipad.png ... 
2019-06-03 10:18:36 +0000  28234 bytes for ./AppIcon83.5x83.5@2x~ipad.png
2019-06-03 10:18:36 +0000  copying file ./LaunchImage-700-568h@2x.png ... 
2019-06-03 10:18:36 +0000  15423 bytes for ./LaunchImage-700-568h@2x.png
2019-06-03 10:18:36 +0000  copying file ./LaunchImage-Landscape@2x~ipad.png ... 
2019-06-03 10:18:36 +0000  30562 bytes for ./LaunchImage-Landscape@2x~ipad.png
2019-06-03 10:18:36 +0000  copying file ./AppIcon50x50~ipad.png ... 
2019-06-03 10:18:36 +0000  1648 bytes for ./AppIcon50x50~ipad.png
2019-06-03 10:18:36 +0000  copying file ./AppIcon29x29@2x~ipad.png ... 
2019-06-03 10:18:36 +0000  1932 bytes for ./AppIcon29x29@2x~ipad.png
2019-06-03 10:18:36 +0000  copying file ./LaunchImage-700-Landscape@2x~ipad.png ... 
2019-06-03 10:18:36 +0000  30562 bytes for ./LaunchImage-700-Landscape@2x~ipad.png
copying file ./AppIcon50x50@2x~ipad.png ... 
2019-06-03 10:18:36 +0000  3205 bytes for ./AppIcon50x50@2x~ipad.png
2019-06-03 10:18:36 +0000  copying file ./AppIcon40x40~ipad.png ... 
2019-06-03 10:18:36 +0000  1306 bytes for ./AppIcon40x40~ipad.png
2019-06-03 10:18:36 +0000  copying file ./LaunchImage.png ... 
2019-06-03 10:18:36 +0000  6740 bytes for ./LaunchImage.png
2019-06-03 10:18:36 +0000  copying file ./LaunchImage-800-Landscape-736h@3x.png ... 
2019-06-03 10:18:36 +0000  24892 bytes for ./LaunchImage-800-Landscape-736h@3x.png
2019-06-03 10:18:36 +0000  copying file ./LaunchImage-700-Portrait@2x~ipad.png ... 
2019-06-03 10:18:36 +0000  37213 bytes for ./LaunchImage-700-Portrait@2x~ipad.png
2019-06-03 10:18:36 +0000  copying file ./LaunchImage-700-Landscape~ipad.png ... 
2019-06-03 10:18:36 +0000  13306 bytes for ./LaunchImage-700-Landscape~ipad.png
2019-06-03 10:18:36 +0000  copying file ./AppIcon20x20@2x~ipad.png ... 
2019-06-03 10:18:36 +0000  1306 bytes for ./AppIcon20x20@2x~ipad.png
2019-06-03 10:18:36 +0000  copying file ./Info.plist ... 
2019-06-03 10:18:36 +0000  2076 bytes for ./Info.plist
2019-06-03 10:18:36 +0000  copying file ./PkgInfo ... 
2019-06-03 10:18:36 +0000  8 bytes for ./PkgInfo
2019-06-03 10:18:36 +0000  copying file ./AppIcon76x76~ipad.png ... 
2019-06-03 10:18:36 +0000  2575 bytes for ./AppIcon76x76~ipad.png
2019-06-03 10:18:36 +0000  /usr/bin/ditto exited with 0
2019-06-03 10:18:36 +0000  Processing step: IDEDistributionEmbedProfileStep
2019-06-03 10:18:36 +0000  Processing step: IDEDistributionAppThinningPlistStep
2019-06-03 10:18:36 +0000  Skipping step: IDEDistributionAppThinningPlistStep because it said so
2019-06-03 10:18:36 +0000  Processing step: IDEDistributionCompileBitcodeStep
2019-06-03 10:18:36 +0000  Skipping step: IDEDistributionCompileBitcodeStep because it said so
2019-06-03 10:18:36 +0000  Processing step: IDEDistributionCodeSlimmingStep
2019-06-03 10:18:36 +0000  Processing step: IDEDistributionCopyBCSymbolMapsStep
2019-06-03 10:18:36 +0000  Skipping step: IDEDistributionCopyBCSymbolMapsStep because it said so
2019-06-03 10:18:36 +0000  Processing step: IDEDistributionSymbolsStep
2019-06-03 10:18:36 +0000  Skipping step: IDEDistributionSymbolsStep because it said so
2019-06-03 10:18:36 +0000  Processing step: IDEDistributionAppThinningStep
2019-06-03 10:18:36 +0000  Skipping step: IDEDistributionAppThinningStep because it said so
2019-06-03 10:18:36 +0000  Processing step: IDEDistributionArchThinningStep
2019-06-03 10:18:36 +0000  Running /Applications/Xcode.app/Contents/Developer/Toolchains/XcodeDefault.xctoolchain/usr/bin/lipo '/var/folders/s4/8jmns35x4k79j9qghrh8bqb80000gp/T/XcodeDistPipeline.~~~T10YzI/Root/Payload/Boon.app/Boon' '-verify_arch' 'arm64e'
2019-06-03 10:18:36 +0000  /Applications/Xcode.app/Contents/Developer/Toolchains/XcodeDefault.xctoolchain/usr/bin/lipo exited with 1
2019-06-03 10:18:36 +0000  Skipping architecture thinning for item "Boon" because arch "arm64e" wasn't found
2019-06-03 10:18:36 +0000  Processing step: IDEDistributionODRStep
2019-06-03 10:18:36 +0000  Processing step: IDEDistributionStripXattrsStep
2019-06-03 10:18:36 +0000  Running /usr/bin/xattr '-crs' '/var/folders/s4/8jmns35x4k79j9qghrh8bqb80000gp/T/XcodeDistPipeline.~~~T10YzI/Root/Payload/Boon.app'
2019-06-03 10:18:37 +0000  /usr/bin/xattr exited with 0
2019-06-03 10:18:37 +0000  Processing step: IDEDistributionCodesignStep
2019-06-03 10:18:37 +0000  Entitlements for <IDEDistributionItem: 0x7fc9903dbe10 'com.doingboon.app' '<DVTFilePath:0x7fc98c681ff0:'/Users/admin/Library/Developer/Xcode/Archives/2019-06-03/Boon 6-3-19, 1.18 PM.xcarchive/Products/Applications/Boon.app'>'>: {
    "application-identifier" = "K56LX5Q456.com.doingboon.app";
    "aps-environment" = production;
    "com.apple.developer.team-identifier" = K56LX5Q456;
    "get-task-allow" = 0;
}
2019-06-03 10:18:37 +0000  Writing entitlements for <IDEDistributionItem: 0x7fc9903dbe10 'com.doingboon.app' '<DVTFilePath:0x7fc98c681ff0:'/Users/admin/Library/Developer/Xcode/Archives/2019-06-03/Boon 6-3-19, 1.18 PM.xcarchive/Products/Applications/Boon.app'>'> to: /var/folders/s4/8jmns35x4k79j9qghrh8bqb80000gp/T/XcodeDistPipeline.~~~T10YzI/entitlements~~~OsM3od
2019-06-03 10:18:37 +0000  Running /usr/bin/codesign '-vvv' '--force' '--sign' '2EB82BB3269CE6DC952314BE1D23FD29D4C2583C' '--entitlements' '/var/folders/s4/8jmns35x4k79j9qghrh8bqb80000gp/T/XcodeDistPipeline.~~~T10YzI/entitlements~~~OsM3od' '--preserve-metadata=identifier,flags,runtime' '/var/folders/s4/8jmns35x4k79j9qghrh8bqb80000gp/T/XcodeDistPipeline.~~~T10YzI/Root/Payload/Boon.app'
2019-06-03 10:18:37 +0000  /var/folders/s4/8jmns35x4k79j9qghrh8bqb80000gp/T/XcodeDistPipeline.~~~T10YzI/Root/Payload/Boon.app: replacing existing signature
2019-06-03 10:18:37 +0000  /var/folders/s4/8jmns35x4k79j9qghrh8bqb80000gp/T/XcodeDistPipeline.~~~T10YzI/Root/Payload/Boon.app: signed app bundle with Mach-O universal (armv7 arm64) [com.doingboon.app]
2019-06-03 10:18:37 +0000  /usr/bin/codesign exited with 0
2019-06-03 10:18:37 +0000  Processing step: IDEDistributionZipODRItemStep
2019-06-03 10:18:37 +0000  Skipping step: IDEDistributionZipODRItemStep because it said so
2019-06-03 10:18:37 +0000  Processing step: IDEDistributionCreateIPAStep
2019-06-03 10:18:37 +0000  Running /usr/bin/ditto '-V' '-c' '-k' '--norsrc' '/var/folders/s4/8jmns35x4k79j9qghrh8bqb80000gp/T/XcodeDistPipeline.~~~T10YzI/Root' '/var/folders/s4/8jmns35x4k79j9qghrh8bqb80000gp/T/XcodeDistPipeline.~~~T10YzI/Packages/Boon.ipa'
2019-06-03 10:18:37 +0000  >>> Copying /var/folders/s4/8jmns35x4k79j9qghrh8bqb80000gp/T/XcodeDistPipeline.~~~T10YzI/Root 
2019-06-03 10:18:37 +0000  copying file ./Payload/Boon.app/_CodeSignature/CodeResources ... 
2019-06-03 10:18:37 +0000  19787 bytes for ./Payload/Boon.app/_CodeSignature/CodeResources
2019-06-03 10:18:37 +0000  copying file ./Payload/Boon.app/LaunchImage@2x.png ... 
2019-06-03 10:18:37 +0000  13987 bytes for ./Payload/Boon.app/LaunchImage@2x.png
2019-06-03 10:18:37 +0000  copying file ./Payload/Boon.app/AppIcon20x20@2x.png ... 
2019-06-03 10:18:37 +0000  1306 bytes for ./Payload/Boon.app/AppIcon20x20@2x.png
copying file ./Payload/Boon.app/MainViewController.nib ... 
2019-06-03 10:18:37 +0000  943 bytes for ./Payload/Boon.app/MainViewController.nib
copying file ./Payload/Boon.app/AppIcon57x57.png ... 
2019-06-03 10:18:37 +0000  1598 bytes for ./Payload/Boon.app/AppIcon57x57.png
2019-06-03 10:18:37 +0000  copying file ./Payload/Boon.app/AppIcon20x20@3x.png ... 
2019-06-03 10:18:37 +0000  1933 bytes for ./Payload/Boon.app/AppIcon20x20@3x.png
copying file ./Payload/Boon.app/Boon ... 
2019-06-03 10:18:37 +0000  986992 bytes for ./Payload/Boon.app/Boon
2019-06-03 10:18:37 +0000  copying file ./Payload/Boon.app/AppIcon29x29.png ... 
995 bytes for ./Payload/Boon.app/AppIcon29x29.png
2019-06-03 10:18:37 +0000  copying file ./Payload/Boon.app/LaunchImage-568h@2x.png ... 
2019-06-03 10:18:37 +0000  15423 bytes for ./Payload/Boon.app/LaunchImage-568h@2x.png
2019-06-03 10:18:37 +0000  copying file ./Payload/Boon.app/AppIcon60x60@2x.png ... 
2019-06-03 10:18:37 +0000  3733 bytes for ./Payload/Boon.app/AppIcon60x60@2x.png
copying file ./Payload/Boon.app/AppIcon72x72@2x~ipad.png ... 
2019-06-03 10:18:37 +0000  2853 bytes for ./Payload/Boon.app/AppIcon72x72@2x~ipad.png
2019-06-03 10:18:37 +0000  copying file ./Payload/Boon.app/AppIcon29x29@2x.png ... 
2019-06-03 10:18:37 +0000  1932 bytes for ./Payload/Boon.app/AppIcon29x29@2x.png
copying file ./Payload/Boon.app/LaunchImage-800-667h@2x.png ... 
2019-06-03 10:18:37 +0000  18388 bytes for ./Payload/Boon.app/LaunchImage-800-667h@2x.png
2019-06-03 10:18:37 +0000  copying file ./Payload/Boon.app/LaunchImage-Portrait@2x~ipad.png ... 
2019-06-03 10:18:37 +0000  37213 bytes for ./Payload/Boon.app/LaunchImage-Portrait@2x~ipad.png
copying file ./Payload/Boon.app/AppIcon40x40@3x.png ... 
2019-06-03 10:18:37 +0000  3733 bytes for ./Payload/Boon.app/AppIcon40x40@3x.png
copying file ./Payload/Boon.app/AppIcon57x57@2x.png ... 
2019-06-03 10:18:37 +0000  2438 bytes for ./Payload/Boon.app/AppIcon57x57@2x.png
copying file ./Payload/Boon.app/AppIcon29x29~ipad.png ... 
2019-06-03 10:18:37 +0000  995 bytes for ./Payload/Boon.app/AppIcon29x29~ipad.png
2019-06-03 10:18:37 +0000  copying file ./Payload/Boon.app/AppIcon40x40@2x.png ... 
2019-06-03 10:18:37 +0000  2632 bytes for ./Payload/Boon.app/AppIcon40x40@2x.png
copying file ./Payload/Boon.app/LaunchImage-Portrait~ipad.png ... 
2019-06-03 10:18:37 +0000  15578 bytes for ./Payload/Boon.app/LaunchImage-Portrait~ipad.png
2019-06-03 10:18:37 +0000  copying file ./Payload/Boon.app/AppIcon29x29@3x.png ... 
2019-06-03 10:18:37 +0000  9082 bytes for ./Payload/Boon.app/AppIcon29x29@3x.png
2019-06-03 10:18:37 +0000  copying file ./Payload/Boon.app/AppIcon60x60@3x.png ... 
2019-06-03 10:18:37 +0000  5382 bytes for ./Payload/Boon.app/AppIcon60x60@3x.png
2019-06-03 10:18:37 +0000  copying file ./Payload/Boon.app/config.xml ... 
2019-06-03 10:18:37 +0000  2635 bytes for ./Payload/Boon.app/config.xml
2019-06-03 10:18:37 +0000  copying file ./Payload/Boon.app/www/index.html ... 
2019-06-03 10:18:37 +0000  2513 bytes for ./Payload/Boon.app/www/index.html
copying file ./Payload/Boon.app/www/cordova.js ... 
2019-06-03 10:18:37 +0000  78123 bytes for ./Payload/Boon.app/www/cordova.js
2019-06-03 10:18:37 +0000  copying file ./Payload/Boon.app/www/css/index.css ... 
2019-06-03 10:18:37 +0000  3719 bytes for ./Payload/Boon.app/www/css/index.css
2019-06-03 10:18:37 +0000  copying file ./Payload/Boon.app/www/plugins/onesignal-cordova-plugin/www/OneSignal.js ... 
2019-06-03 10:18:37 +0000  11503 bytes for ./Payload/Boon.app/www/plugins/onesignal-cordova-plugin/www/OneSignal.js
2019-06-03 10:18:37 +0000  copying file ./Payload/Boon.app/www/js/index.js ... 
2019-06-03 10:18:37 +0000  2128 bytes for ./Payload/Boon.app/www/js/index.js
2019-06-03 10:18:37 +0000  copying file ./Payload/Boon.app/www/img/logo.png ... 
2019-06-03 10:18:37 +0000  21814 bytes for ./Payload/Boon.app/www/img/logo.png
2019-06-03 10:18:37 +0000  copying file ./Payload/Boon.app/www/cordova-js-src/exec.js ... 
8877 bytes for ./Payload/Boon.app/www/cordova-js-src/exec.js
2019-06-03 10:18:37 +0000  copying file ./Payload/Boon.app/www/cordova-js-src/plugin/ios/logger.js ... 
2019-06-03 10:18:37 +0000  10233 bytes for ./Payload/Boon.app/www/cordova-js-src/plugin/ios/logger.js
copying file ./Payload/Boon.app/www/cordova-js-src/plugin/ios/console.js ... 
2019-06-03 10:18:37 +0000  6822 bytes for ./Payload/Boon.app/www/cordova-js-src/plugin/ios/console.js
2019-06-03 10:18:37 +0000  copying file ./Payload/Boon.app/www/cordova-js-src/platform.js ... 
2019-06-03 10:18:37 +0000  1168 bytes for ./Payload/Boon.app/www/cordova-js-src/platform.js
copying file ./Payload/Boon.app/www/manifest.json ... 
2019-06-03 10:18:37 +0000  394 bytes for ./Payload/Boon.app/www/manifest.json
2019-06-03 10:18:37 +0000  copying file ./Payload/Boon.app/www/cordova_plugins.js ... 
2019-06-03 10:18:37 +0000  457 bytes for ./Payload/Boon.app/www/cordova_plugins.js
copying file ./Payload/Boon.app/LaunchImage-Landscape~ipad.png ... 
2019-06-03 10:18:37 +0000  13306 bytes for ./Payload/Boon.app/LaunchImage-Landscape~ipad.png
2019-06-03 10:18:37 +0000  copying file ./Payload/Boon.app/LaunchImage-700-Portrait~ipad.png ... 
2019-06-03 10:18:37 +0000  15578 bytes for ./Payload/Boon.app/LaunchImage-700-Portrait~ipad.png
2019-06-03 10:18:37 +0000  copying file ./Payload/Boon.app/Assets.car ... 
2019-06-03 10:18:37 +0000  115400 bytes for ./Payload/Boon.app/Assets.car
copying file ./Payload/Boon.app/AppIcon40x40@2x~ipad.png ... 
2019-06-03 10:18:37 +0000  2632 bytes for ./Payload/Boon.app/AppIcon40x40@2x~ipad.png
2019-06-03 10:18:37 +0000  copying file ./Payload/Boon.app/AppIcon76x76@2x~ipad.png ... 
2019-06-03 10:18:37 +0000  4677 bytes for ./Payload/Boon.app/AppIcon76x76@2x~ipad.png
copying file ./Payload/Boon.app/LaunchImage-800-Portrait-736h@3x.png ... 
2019-06-03 10:18:37 +0000  34864 bytes for ./Payload/Boon.app/LaunchImage-800-Portrait-736h@3x.png
copying file ./Payload/Boon.app/AppIcon72x72~ipad.png ... 
2019-06-03 10:18:37 +0000  1906 bytes for ./Payload/Boon.app/AppIcon72x72~ipad.png
2019-06-03 10:18:37 +0000  copying file ./Payload/Boon.app/CDVLaunchScreen.storyboardc/01J-lp-oVM-view-Ze5-6b-2t3.nib ... 
2019-06-03 10:18:37 +0000  2285 bytes for ./Payload/Boon.app/CDVLaunchScreen.storyboardc/01J-lp-oVM-view-Ze5-6b-2t3.nib
copying file ./Payload/Boon.app/CDVLaunchScreen.storyboardc/UIViewController-01J-lp-oVM.nib ... 
2019-06-03 10:18:37 +0000  832 bytes for ./Payload/Boon.app/CDVLaunchScreen.storyboardc/UIViewController-01J-lp-oVM.nib
copying file ./Payload/Boon.app/CDVLaunchScreen.storyboardc/Info.plist ... 
2019-06-03 10:18:37 +0000  258 bytes for ./Payload/Boon.app/CDVLaunchScreen.storyboardc/Info.plist
copying file ./Payload/Boon.app/LaunchImage-700@2x.png ... 
2019-06-03 10:18:37 +0000  13987 bytes for ./Payload/Boon.app/LaunchImage-700@2x.png
2019-06-03 10:18:37 +0000  copying file ./Payload/Boon.app/AppIcon83.5x83.5@2x~ipad.png ... 
2019-06-03 10:18:37 +0000  28234 bytes for ./Payload/Boon.app/AppIcon83.5x83.5@2x~ipad.png
copying file ./Payload/Boon.app/LaunchImage-700-568h@2x.png ... 
2019-06-03 10:18:37 +0000  15423 bytes for ./Payload/Boon.app/LaunchImage-700-568h@2x.png
copying file ./Payload/Boon.app/LaunchImage-Landscape@2x~ipad.png ... 
2019-06-03 10:18:37 +0000  30562 bytes for ./Payload/Boon.app/LaunchImage-Landscape@2x~ipad.png
copying file ./Payload/Boon.app/AppIcon50x50~ipad.png ... 
2019-06-03 10:18:37 +0000  1648 bytes for ./Payload/Boon.app/AppIcon50x50~ipad.png
2019-06-03 10:18:37 +0000  copying file ./Payload/Boon.app/AppIcon29x29@2x~ipad.png ... 
2019-06-03 10:18:37 +0000  1932 bytes for ./Payload/Boon.app/AppIcon29x29@2x~ipad.png
copying file ./Payload/Boon.app/LaunchImage-700-Landscape@2x~ipad.png ... 
2019-06-03 10:18:37 +0000  30562 bytes for ./Payload/Boon.app/LaunchImage-700-Landscape@2x~ipad.png
copying file ./Payload/Boon.app/AppIcon50x50@2x~ipad.png ... 
2019-06-03 10:18:37 +0000  3205 bytes for ./Payload/Boon.app/AppIcon50x50@2x~ipad.png
copying file ./Payload/Boon.app/AppIcon40x40~ipad.png ... 
2019-06-03 10:18:37 +0000  1306 bytes for ./Payload/Boon.app/AppIcon40x40~ipad.png
2019-06-03 10:18:37 +0000  copying file ./Payload/Boon.app/LaunchImage.png ... 
2019-06-03 10:18:37 +0000  6740 bytes for ./Payload/Boon.app/LaunchImage.png
2019-06-03 10:18:37 +0000  copying file ./Payload/Boon.app/embedded.mobileprovision ... 
2019-06-03 10:18:37 +0000  8013 bytes for ./Payload/Boon.app/embedded.mobileprovision
2019-06-03 10:18:37 +0000  copying file ./Payload/Boon.app/LaunchImage-800-Landscape-736h@3x.png ... 
2019-06-03 10:18:37 +0000  24892 bytes for ./Payload/Boon.app/LaunchImage-800-Landscape-736h@3x.png
2019-06-03 10:18:37 +0000  copying file ./Payload/Boon.app/LaunchImage-700-Portrait@2x~ipad.png ... 
2019-06-03 10:18:37 +0000  37213 bytes for ./Payload/Boon.app/LaunchImage-700-Portrait@2x~ipad.png
copying file ./Payload/Boon.app/LaunchImage-700-Landscape~ipad.png ... 
2019-06-03 10:18:37 +0000  13306 bytes for ./Payload/Boon.app/LaunchImage-700-Landscape~ipad.png
copying file ./Payload/Boon.app/AppIcon20x20@2x~ipad.png ... 
2019-06-03 10:18:37 +0000  1306 bytes for ./Payload/Boon.app/AppIcon20x20@2x~ipad.png
2019-06-03 10:18:37 +0000  copying file ./Payload/Boon.app/Info.plist ... 
2019-06-03 10:18:37 +0000  2076 bytes for ./Payload/Boon.app/Info.plist
copying file ./Payload/Boon.app/PkgInfo ... 
2019-06-03 10:18:37 +0000  8 bytes for ./Payload/Boon.app/PkgInfo
copying file ./Payload/Boon.app/AppIcon76x76~ipad.png ... 
2019-06-03 10:18:37 +0000  2575 bytes for ./Payload/Boon.app/AppIcon76x76~ipad.png
2019-06-03 10:18:37 +0000  /usr/bin/ditto exited with 0
2019-06-03 10:18:37 +0000  Processing step: IDEDistributionAppStoreInformationStep
2019-06-03 10:18:37 +0000  Skipping step: IDEDistributionAppStoreInformationStep because it said so
2019-06-03 10:18:37 +0000  Processing step: IDEDistributionCreateManifestStep
